Сборка начата 14.09.2023 14:59:33.
Уровень детализации журнала: Normal.     1>Проект "D:\Учёба\3сем\АИСД\Lab2\Lab2.vcxproj" в узле 2 (целевые объекты Build).
     1>InitializeBuildStatus:
         Обращение к "x64\Debug\Lab2.tlog\unsuccessfulbuild".
       ClCompile:
         C:\Program Files\Microsoft Visual Studio\2022\Community\VC\Tools\MSVC\14.34.31933\bin\HostX64\x64\CL.exe /c /ZI /JMC /nologo /W3 /WX- /diagnostics:column /sdl /Od /D _DEBUG /D _CONSOLE /D _UNICODE /D UNICODE /Gm- /EHsc /RTC1 /MDd /GS /fp:precise /Zc:wchar_t /Zc:forScope /Zc:inline /permissive- /Fo"x64\Debug\\" /Fd"x64\Debug\vc143.pdb" /external:W3 /Gd /TP /FC /errorReport:prompt Lab2.cpp
         Lab2.cpp
     1>D:\Учёба\3сем\АИСД\Lab2\Lab2.cpp(55,4): warning C4267: инициализация: преобразование из "size_t" в "int"; возможна потеря данных
     1>D:\Учёба\3сем\АИСД\Lab2\Lab2.cpp(44,6): warning C4101: current: неиспользованная локальная переменная
     1>D:\Учёба\3сем\АИСД\Lab2\Lab2.cpp(68,1): warning C4326: возвращаемый тип "main" должен быть "int", а не "void"
       Link:
         C:\Program Files\Microsoft Visual Studio\2022\Community\VC\Tools\MSVC\14.34.31933\bin\HostX64\x64\link.exe /ERRORREPORT:PROMPT /OUT:"D:\Учёба\3сем\АИСД\Lab2\x64\Debug\Lab2.exe" /INCREMENTAL /ILK:"x64\Debug\Lab2.ilk" /NOLOGO kernel32.lib user32.lib gdi32.lib winspool.lib comdlg32.lib advapi32.lib shell32.lib ole32.lib oleaut32.lib uuid.lib odbc32.lib odbccp32.lib /MANIFEST /MANIFESTUAC:"level='asInvoker' uiAccess='false'" /manifest:embed /DEBUG /PDB:"D:\Учёба\3сем\АИСД\Lab2\x64\Debug\Lab2.pdb" /SUBSYSTEM:CONSOLE /TLBID:1 /DYNAMICBASE /NXCOMPAT /IMPLIB:"D:\Учёба\3сем\АИСД\Lab2\x64\Debug\Lab2.lib" /MACHINE:X64 x64\Debug\Lab2.obj
         Lab2.vcxproj -> D:\Учёба\3сем\АИСД\Lab2\x64\Debug\Lab2.exe
       FinalizeBuildStatus:
         Файл "x64\Debug\Lab2.tlog\unsuccessfulbuild" удаляется.
         Обращение к "x64\Debug\Lab2.tlog\Lab2.lastbuildstate".
     1>Сборка проекта "D:\Учёба\3сем\АИСД\Lab2\Lab2.vcxproj" завершена (целевые объекты Build).

Сборка успешно завершена.

       "D:\Учёба\3сем\АИСД\Lab2\Lab2.vcxproj" (целевой объект Build ) (1) ->
       (Целевой объект ClCompile) -> 
         D:\Учёба\3сем\АИСД\Lab2\Lab2.cpp(55,4): warning C4267: инициализация: преобразование из "size_t" в "int"; возможна потеря данных
         D:\Учёба\3сем\АИСД\Lab2\Lab2.cpp(44,6): warning C4101: current: неиспользованная локальная переменная
         D:\Учёба\3сем\АИСД\Lab2\Lab2.cpp(68,1): warning C4326: возвращаемый тип "main" должен быть "int", а не "void"

    Предупреждений: 3
    Ошибок: 0

Прошло времени 00:00:01.13
