Сборка начата 23.11.2023 15:03:45.
Уровень детализации журнала: Normal.     1>Проект "D:\Учёба\3сем\АИСД\Лабы\Lab8_BackPack\Lab8_BackPack\Lab8_BackPack.vcxproj" в узле 2 (целевые объекты Build).
     1>InitializeBuildStatus:
         Создание "x64\Debug\Lab8_BackPack.tlog\unsuccessfulbuild", так как было задано "AlwaysCreate".
       ClCompile:
         C:\Program Files\Microsoft Visual Studio\2022\Community\VC\Tools\MSVC\14.34.31933\bin\HostX64\x64\CL.exe /c /ZI /JMC /nologo /W3 /WX- /diagnostics:column /sdl /Od /D _DEBUG /D _CONSOLE /D _UNICODE /D UNICODE /Gm- /EHsc /RTC1 /MDd /GS /fp:precise /Zc:wchar_t /Zc:forScope /Zc:inline /permissive- /Fo"x64\Debug\\" /Fd"x64\Debug\vc143.pdb" /external:W3 /Gd /TP /FC /errorReport:prompt BackPackcpp.cpp
         BackPackcpp.cpp
     1>D:\Учёба\3сем\АИСД\Лабы\Lab8_BackPack\Lab8_BackPack\BackPackcpp.cpp(10,25): warning C4267: инициализация: преобразование из "size_t" в "int"; возможна потеря данных
     1>D:\Учёба\3сем\АИСД\Лабы\Lab8_BackPack\Lab8_BackPack\BackPackcpp.cpp(45,5): warning C4267: инициализация: преобразование из "size_t" в "int"; возможна потеря данных
       Link:
         C:\Program Files\Microsoft Visual Studio\2022\Community\VC\Tools\MSVC\14.34.31933\bin\HostX64\x64\link.exe /ERRORREPORT:PROMPT /OUT:"D:\Учёба\3сем\АИСД\Лабы\Lab8_BackPack\x64\Debug\Lab8_BackPack.exe" /INCREMENTAL /ILK:"x64\Debug\Lab8_BackPack.ilk" /NOLOGO kernel32.lib user32.lib gdi32.lib winspool.lib comdlg32.lib advapi32.lib shell32.lib ole32.lib oleaut32.lib uuid.lib odbc32.lib odbccp32.lib /MANIFEST /MANIFESTUAC:"level='asInvoker' uiAccess='false'" /manifest:embed /DEBUG /PDB:"D:\Учёба\3сем\АИСД\Лабы\Lab8_BackPack\x64\Debug\Lab8_BackPack.pdb" /SUBSYSTEM:CONSOLE /TLBID:1 /DYNAMICBASE /NXCOMPAT /IMPLIB:"D:\Учёба\3сем\АИСД\Лабы\Lab8_BackPack\x64\Debug\Lab8_BackPack.lib" /MACHINE:X64 x64\Debug\BackPackcpp.obj
         Lab8_BackPack.vcxproj -> D:\Учёба\3сем\АИСД\Лабы\Lab8_BackPack\x64\Debug\Lab8_BackPack.exe
       FinalizeBuildStatus:
         Файл "x64\Debug\Lab8_BackPack.tlog\unsuccessfulbuild" удаляется.
         Обращение к "x64\Debug\Lab8_BackPack.tlog\Lab8_BackPack.lastbuildstate".
     1>Сборка проекта "D:\Учёба\3сем\АИСД\Лабы\Lab8_BackPack\Lab8_BackPack\Lab8_BackPack.vcxproj" завершена (целевые объекты Build).

Сборка успешно завершена.

       "D:\Учёба\3сем\АИСД\Лабы\Lab8_BackPack\Lab8_BackPack\Lab8_BackPack.vcxproj" (целевой объект Build ) (1) ->
       (Целевой объект ClCompile) -> 
         D:\Учёба\3сем\АИСД\Лабы\Lab8_BackPack\Lab8_BackPack\BackPackcpp.cpp(10,25): warning C4267: инициализация: преобразование из "size_t" в "int"; возможна потеря данных
         D:\Учёба\3сем\АИСД\Лабы\Lab8_BackPack\Lab8_BackPack\BackPackcpp.cpp(45,5): warning C4267: инициализация: преобразование из "size_t" в "int"; возможна потеря данных

    Предупреждений: 2
    Ошибок: 0

Прошло времени 00:00:01.76
