Сборка начата 28.12.2023 14:57:11.
Уровень детализации журнала: Normal.     1>Проект "D:\Учёба\3сем\АИСД\Лабы\Lab10(ant_algorithm)\Lab10(ant_algorithm)\Lab10(ant_algorithm).vcxproj" в узле 2 (целевые объекты Build).
     1>InitializeBuildStatus:
         Создание "x64\Debug\Lab10(an.43a05c9a.tlog\unsuccessfulbuild", так как было задано "AlwaysCreate".
       ClCompile:
         C:\Program Files\Microsoft Visual Studio\2022\Community\VC\Tools\MSVC\14.34.31933\bin\HostX64\x64\CL.exe /c /ZI /JMC /nologo /W3 /WX- /diagnostics:column /sdl /Od /D _DEBUG /D _CONSOLE /D _UNICODE /D UNICODE /Gm- /EHsc /RTC1 /MDd /GS /fp:precise /Zc:wchar_t /Zc:forScope /Zc:inline /permissive- /Fo"x64\Debug\\" /Fd"x64\Debug\vc143.pdb" /external:W3 /Gd /TP /FC /errorReport:prompt Source.cpp
         Source.cpp
     1>D:\Учёба\3сем\АИСД\Лабы\Lab10(ant_algorithm)\Lab10(ant_algorithm)\Source.cpp(72,1): warning C4326: возвращаемый тип "main" должен быть "int", а не "void"
     1>D:\Учёба\3сем\АИСД\Лабы\Lab10(ant_algorithm)\Lab10(ant_algorithm)\Source.cpp(137,12): warning C4244: аргумент: преобразование "time_t" в "unsigned int", возможна потеря данных
     1>D:\Учёба\3сем\АИСД\Лабы\Lab10(ant_algorithm)\Lab10(ant_algorithm)\Source.cpp(179,23): warning C4267: аргумент: преобразование из "size_t" в "int"; возможна потеря данных
     1>D:\Учёба\3сем\АИСД\Лабы\Lab10(ant_algorithm)\Lab10(ant_algorithm)\Source.cpp(198,25): warning C4267: аргумент: преобразование из "size_t" в "int"; возможна потеря данных
     1>D:\Учёба\3сем\АИСД\Лабы\Lab10(ant_algorithm)\Lab10(ant_algorithm)\Source.cpp(206,33): warning C4244: +=: преобразование "_Ty" в "size_t", возможна потеря данных
                 with
                 [
                     _Ty=double
                 ]
     1>D:\Учёба\3сем\АИСД\Лабы\Lab10(ant_algorithm)\Lab10(ant_algorithm)\Source.cpp(208,25): warning C4267: аргумент: преобразование из "size_t" в "int"; возможна потеря данных
       Link:
         C:\Program Files\Microsoft Visual Studio\2022\Community\VC\Tools\MSVC\14.34.31933\bin\HostX64\x64\link.exe /ERRORREPORT:PROMPT /OUT:"D:\Учёба\3сем\АИСД\Лабы\Lab10(ant_algorithm)\x64\Debug\Lab10(ant_algorithm).exe" /INCREMENTAL /ILK:"x64\Debug\Lab10(ant_algorithm).ilk" /NOLOGO kernel32.lib user32.lib gdi32.lib winspool.lib comdlg32.lib advapi32.lib shell32.lib ole32.lib oleaut32.lib uuid.lib odbc32.lib odbccp32.lib /MANIFEST /MANIFESTUAC:"level='asInvoker' uiAccess='false'" /manifest:embed /DEBUG /PDB:"D:\Учёба\3сем\АИСД\Лабы\Lab10(ant_algorithm)\x64\Debug\Lab10(ant_algorithm).pdb" /SUBSYSTEM:CONSOLE /TLBID:1 /DYNAMICBASE /NXCOMPAT /IMPLIB:"D:\Учёба\3сем\АИСД\Лабы\Lab10(ant_algorithm)\x64\Debug\Lab10(ant_algorithm).lib" /MACHINE:X64 x64\Debug\Source.obj
         Lab10(ant_algorithm).vcxproj -> D:\Учёба\3сем\АИСД\Лабы\Lab10(ant_algorithm)\x64\Debug\Lab10(ant_algorithm).exe
       FinalizeBuildStatus:
         Файл "x64\Debug\Lab10(an.43a05c9a.tlog\unsuccessfulbuild" удаляется.
         Обращение к "x64\Debug\Lab10(an.43a05c9a.tlog\Lab10(ant_algorithm).lastbuildstate".
     1>Сборка проекта "D:\Учёба\3сем\АИСД\Лабы\Lab10(ant_algorithm)\Lab10(ant_algorithm)\Lab10(ant_algorithm).vcxproj" завершена (целевые объекты Build).

Сборка успешно завершена.

       "D:\Учёба\3сем\АИСД\Лабы\Lab10(ant_algorithm)\Lab10(ant_algorithm)\Lab10(ant_algorithm).vcxproj" (целевой объект Build ) (1) ->
       (Целевой объект ClCompile) -> 
         D:\Учёба\3сем\АИСД\Лабы\Lab10(ant_algorithm)\Lab10(ant_algorithm)\Source.cpp(72,1): warning C4326: возвращаемый тип "main" должен быть "int", а не "void"
         D:\Учёба\3сем\АИСД\Лабы\Lab10(ant_algorithm)\Lab10(ant_algorithm)\Source.cpp(137,12): warning C4244: аргумент: преобразование "time_t" в "unsigned int", возможна потеря данных
         D:\Учёба\3сем\АИСД\Лабы\Lab10(ant_algorithm)\Lab10(ant_algorithm)\Source.cpp(179,23): warning C4267: аргумент: преобразование из "size_t" в "int"; возможна потеря данных
         D:\Учёба\3сем\АИСД\Лабы\Lab10(ant_algorithm)\Lab10(ant_algorithm)\Source.cpp(198,25): warning C4267: аргумент: преобразование из "size_t" в "int"; возможна потеря данных
         D:\Учёба\3сем\АИСД\Лабы\Lab10(ant_algorithm)\Lab10(ant_algorithm)\Source.cpp(206,33): warning C4244: +=: преобразование "_Ty" в "size_t", возможна потеря данных
         D:\Учёба\3сем\АИСД\Лабы\Lab10(ant_algorithm)\Lab10(ant_algorithm)\Source.cpp(208,25): warning C4267: аргумент: преобразование из "size_t" в "int"; возможна потеря данных

    Предупреждений: 6
    Ошибок: 0

Прошло времени 00:00:01.49
