Сборка начата 02.11.2023 14:35:08.
Уровень детализации журнала: Normal.     1>Проект "D:\Учёба\3сем\АИСД\Лабы\Lab7(Increasing_subsequence)\Lab7(Increasing_subsequence).vcxproj" в узле 2 (целевые объекты Build).
     1>InitializeBuildStatus:
         Создание "x64\Debug\Lab7(Inc.833addd0.tlog\unsuccessfulbuild", так как было задано "AlwaysCreate".
       ClCompile:
         C:\Program Files\Microsoft Visual Studio\2022\Community\VC\Tools\MSVC\14.34.31933\bin\HostX64\x64\CL.exe /c /ZI /JMC /nologo /W3 /WX- /diagnostics:column /sdl /Od /D _DEBUG /D _CONSOLE /D _UNICODE /D UNICODE /Gm- /EHsc /RTC1 /MDd /GS /fp:precise /Zc:wchar_t /Zc:forScope /Zc:inline /permissive- /Fo"x64\Debug\\" /Fd"x64\Debug\vc143.pdb" /external:W3 /Gd /TP /FC /errorReport:prompt Increasing_subsequencecpp.cpp
         Increasing_subsequencecpp.cpp
     1>D:\Учёба\3сем\АИСД\Лабы\Lab7(Increasing_subsequence)\Increasing_subsequencecpp.cpp(7,1): warning C4326: возвращаемый тип "main" должен быть "int", а не "void"
     1>D:\Учёба\3сем\АИСД\Лабы\Lab7(Increasing_subsequence)\Increasing_subsequencecpp.cpp(9,12): warning C4244: аргумент: преобразование "time_t" в "unsigned int", возможна потеря данных
       Link:
         C:\Program Files\Microsoft Visual Studio\2022\Community\VC\Tools\MSVC\14.34.31933\bin\HostX64\x64\link.exe /ERRORREPORT:PROMPT /OUT:"D:\Учёба\3сем\АИСД\Лабы\Lab7(Increasing_subsequence)\x64\Debug\Lab7(Increasing_subsequence).exe" /INCREMENTAL /ILK:"x64\Debug\Lab7(Increasing_subsequence).ilk" /NOLOGO kernel32.lib user32.lib gdi32.lib winspool.lib comdlg32.lib advapi32.lib shell32.lib ole32.lib oleaut32.lib uuid.lib odbc32.lib odbccp32.lib /MANIFEST /MANIFESTUAC:"level='asInvoker' uiAccess='false'" /manifest:embed /DEBUG /PDB:"D:\Учёба\3сем\АИСД\Лабы\Lab7(Increasing_subsequence)\x64\Debug\Lab7(Increasing_subsequence).pdb" /SUBSYSTEM:CONSOLE /TLBID:1 /DYNAMICBASE /NXCOMPAT /IMPLIB:"D:\Учёба\3сем\АИСД\Лабы\Lab7(Increasing_subsequence)\x64\Debug\Lab7(Increasing_subsequence).lib" /MACHINE:X64 x64\Debug\Increasing_subsequencecpp.obj
         Lab7(Increasing_subsequence).vcxproj -> D:\Учёба\3сем\АИСД\Лабы\Lab7(Increasing_subsequence)\x64\Debug\Lab7(Increasing_subsequence).exe
       FinalizeBuildStatus:
         Файл "x64\Debug\Lab7(Inc.833addd0.tlog\unsuccessfulbuild" удаляется.
         Обращение к "x64\Debug\Lab7(Inc.833addd0.tlog\Lab7(Increasing_subsequence).lastbuildstate".
     1>Сборка проекта "D:\Учёба\3сем\АИСД\Лабы\Lab7(Increasing_subsequence)\Lab7(Increasing_subsequence).vcxproj" завершена (целевые объекты Build).

Сборка успешно завершена.

       "D:\Учёба\3сем\АИСД\Лабы\Lab7(Increasing_subsequence)\Lab7(Increasing_subsequence).vcxproj" (целевой объект Build ) (1) ->
       (Целевой объект ClCompile) -> 
         D:\Учёба\3сем\АИСД\Лабы\Lab7(Increasing_subsequence)\Increasing_subsequencecpp.cpp(7,1): warning C4326: возвращаемый тип "main" должен быть "int", а не "void"
         D:\Учёба\3сем\АИСД\Лабы\Lab7(Increasing_subsequence)\Increasing_subsequencecpp.cpp(9,12): warning C4244: аргумент: преобразование "time_t" в "unsigned int", возможна потеря данных

    Предупреждений: 2
    Ошибок: 0

Прошло времени 00:00:00.91
