Сборка начата 21.09.2023 15:45:44.
Уровень детализации журнала: Normal.     1>Проект "D:\Учёба\3сем\АИСД\Lab_3\Lab_3.vcxproj" в узле 2 (целевые объекты Build).
     1>InitializeBuildStatus:
         Создание "x64\Debug\Lab_3.tlog\unsuccessfulbuild", так как было задано "AlwaysCreate".
       ClCompile:
         C:\Program Files\Microsoft Visual Studio\2022\Community\VC\Tools\MSVC\14.34.31933\bin\HostX64\x64\CL.exe /c /ZI /JMC /nologo /W3 /WX- /diagnostics:column /sdl /Od /D _DEBUG /D _CONSOLE /D _UNICODE /D UNICODE /Gm- /EHsc /RTC1 /MDd /GS /fp:precise /Zc:wchar_t /Zc:forScope /Zc:inline /permissive- /Fo"x64\Debug\\" /Fd"x64\Debug\vc143.pdb" /external:W3 /Gd /TP /FC /errorReport:prompt Lab_3.cpp
         Lab_3.cpp
     1>D:\Учёба\3сем\АИСД\Lab_3\Lab_3.cpp(17,22): warning C4267: инициализация: преобразование из "size_t" в "int"; возможна потеря данных
     1>D:\Учёба\3сем\АИСД\Lab_3\Lab_3.cpp(49,1): warning C4326: возвращаемый тип "main" должен быть "int", а не "void"
       Link:
         C:\Program Files\Microsoft Visual Studio\2022\Community\VC\Tools\MSVC\14.34.31933\bin\HostX64\x64\link.exe /ERRORREPORT:PROMPT /OUT:"D:\Учёба\3сем\АИСД\Lab_3\x64\Debug\Lab_3.exe" /INCREMENTAL /ILK:"x64\Debug\Lab_3.ilk" /NOLOGO kernel32.lib user32.lib gdi32.lib winspool.lib comdlg32.lib advapi32.lib shell32.lib ole32.lib oleaut32.lib uuid.lib odbc32.lib odbccp32.lib /MANIFEST /MANIFESTUAC:"level='asInvoker' uiAccess='false'" /manifest:embed /DEBUG /PDB:"D:\Учёба\3сем\АИСД\Lab_3\x64\Debug\Lab_3.pdb" /SUBSYSTEM:CONSOLE /TLBID:1 /DYNAMICBASE /NXCOMPAT /IMPLIB:"D:\Учёба\3сем\АИСД\Lab_3\x64\Debug\Lab_3.lib" /MACHINE:X64 x64\Debug\Lab_3.obj
         Lab_3.vcxproj -> D:\Учёба\3сем\АИСД\Lab_3\x64\Debug\Lab_3.exe
       FinalizeBuildStatus:
         Файл "x64\Debug\Lab_3.tlog\unsuccessfulbuild" удаляется.
         Обращение к "x64\Debug\Lab_3.tlog\Lab_3.lastbuildstate".
     1>Сборка проекта "D:\Учёба\3сем\АИСД\Lab_3\Lab_3.vcxproj" завершена (целевые объекты Build).

Сборка успешно завершена.

       "D:\Учёба\3сем\АИСД\Lab_3\Lab_3.vcxproj" (целевой объект Build ) (1) ->
       (Целевой объект ClCompile) -> 
         D:\Учёба\3сем\АИСД\Lab_3\Lab_3.cpp(17,22): warning C4267: инициализация: преобразование из "size_t" в "int"; возможна потеря данных
         D:\Учёба\3сем\АИСД\Lab_3\Lab_3.cpp(49,1): warning C4326: возвращаемый тип "main" должен быть "int", а не "void"

    Предупреждений: 2
    Ошибок: 0

Прошло времени 00:00:01.17
